<?xml version="1.0" encoding="UTF-8"?>
<!-- Generated by org.testng.reporters.JUnitReportReporter -->
<testsuite hostname="AIPL4398LT11158" failures="0" tests="1" name="web.tests.YahooSearchTest" time="56.620" errors="0" timestamp="2022-09-22T12:44:01 IST" skipped="0">
  <testcase classname="web.tests.YahooSearchTest" name="yahooLogin" time="56.620"/>
  <system-out/>
</testsuite> <!-- web.tests.YahooSearchTest -->
