<?xml version="1.0" encoding="UTF-8"?>
<!-- Generated by org.testng.reporters.JUnitReportReporter -->
<testsuite hostname="AIPL4398LT11158" failures="0" tests="3" name="web.tests.GoogleSearchTest" time="19.624" errors="0" timestamp="2022-09-22T12:14:24 IST" skipped="0">
  <testcase classname="web.tests.GoogleSearchTest" name="googleSearch" time="6.296"/>
  <system-out/>
  <testcase classname="web.tests.GoogleSearchTest" name="verifyTitle" time="1.715"/>
  <system-out/>
  <testcase classname="web.tests.GoogleSearchTest" name="googleImages" time="11.613"/>
  <system-out/>
</testsuite> <!-- web.tests.GoogleSearchTest -->
