<?xml version="1.0" encoding="UTF-8"?>
<!-- Generated by org.testng.reporters.JUnitReportReporter -->
<testsuite hostname="AIPL4398LT11158" failures="0" tests="1" name="web.tests.YahooSearchTest" time="6.025" errors="0" timestamp="2022-10-01T08:18:21 IST" skipped="0">
  <testcase classname="web.tests.YahooSearchTest" name="yahooLogin" time="6.025"/>
  <system-out/>
</testsuite> <!-- web.tests.YahooSearchTest -->
